<?xml version="1.0" encoding="UTF-8"?>
<!-- Generated by org.testng.reporters.JUnitReportReporter -->
<testsuite hostname="DESKTOP-IOQ7J5S" failures="0" tests="2" name="testcases.WorkerTestCases" time="25.956" errors="0" timestamp="2024-06-22T00:14:05 IST" skipped="0">
  <testcase classname="testcases.WorkerTestCases" name="verificationOfTitleDropDownfromtheCreateWorkersubpage" time="13.292"/>
  <testcase classname="testcases.WorkerTestCases" name="verifytheTextofSearchButtonInWorkersPage" time="12.664"/>
</testsuite> <!-- testcases.WorkerTestCases -->
