<?xml version="1.0" encoding="UTF-8"?>
<!-- Generated by org.testng.reporters.JUnitReportReporter -->
<testsuite hostname="DESKTOP-IOQ7J5S" failures="0" tests="1" name="testcases.HomePageTestCase" time="13.157" errors="0" timestamp="2024-06-22T00:12:54 IST" skipped="0">
  <testcase classname="testcases.HomePageTestCase" name="verifytheLogoutFeature" time="13.157"/>
</testsuite> <!-- testcases.HomePageTestCase -->
