<?xml version="1.0" encoding="UTF-8"?>
<!-- Generated by org.testng.reporters.JUnitReportReporter -->
<testsuite hostname="DESKTOP-IOQ7J5S" failures="0" tests="1" name="testcases.ToolTipTestCase" time="33.677" errors="0" timestamp="2024-06-21T17:27:04 IST" skipped="0">
  <testcase classname="testcases.ToolTipTestCase" name="verifytheTooltipvalueofEditiconinClientsPage" time="33.677"/>
</testsuite> <!-- testcases.ToolTipTestCase -->
